<?xml version="1.0" encoding="UTF-8"?>
<testsuites name="JiraTestSuite" time="22.051" tests="2" failures="1" errors="0">
   <testsuite name="JiraTestSuite" tests="2" failures="1" errors="0" time="22.051" skipped="0" timestamp="2023-08-03 15:04:05" hostname="pravi - Pravins.mshome.net" id="Test Suites/JiraTestSuite">
      <properties>
         <property name="deviceName" value=""/>
         <property name="devicePlatform" value=""/>
         <property name="logFolder" value="C:\\Users\\pravi\\Katalon Studio\\KatalonWeb\\Reports\\20230803_150356\\JiraTestSuite\\20230803_150357"/>
         <property name="logFiles" value="C:\\Users\\pravi\\Katalon Studio\\KatalonWeb\\Reports\\20230803_150356\\JiraTestSuite\\20230803_150357\\execution0.log"/>
         <property name="attachments" value="C:\\Users\\pravi\\Katalon Studio\\KatalonWeb\\Reports\\20230803_150356\\JiraTestSuite\\20230803_150357\\1691055265439.png, C:\\Users\\pravi\\Katalon Studio\\KatalonWeb\\Reports\\20230803_150356\\JiraTestSuite\\20230803_150357\\1691055265581.png"/>
         <property name="hostName" value="pravi - Pravins.mshome.net"/>
         <property name="os" value="Windows 10 64bit"/>
         <property name="katalonVersion" value="8.6.0.208"/>
         <property name="browser" value="Chrome 115.0.0.0"/>
         <property name="hostAddress" value="172.23.112.1"/>
         <property name="sessionId" value="bdf62324136651a4da283603646ad285"/>
         <property name="seleniumVersion" value="3.141.59"/>
         <property name="proxyInformation" value="ProxyInformation { proxyOption=NO_PROXY, proxyServerType=HTTP, username=, password=********, proxyServerAddress=, proxyServerPort=0, executionList=&quot;&quot;, isApplyToDesiredCapabilities=true }"/>
         <property name="platform" value="Windows 10"/>
      </properties>
      <testcase name="Test Cases/JiraTests/IN-4 Story12" time="12.367" classname="Test Cases/JiraTests/IN-4 Story12" status="PASSED">
         <system-out><![CDATA[2023-08-03 15:04:05 - [TEST_CASE][PASSED] - Test Cases/JiraTests/IN-4 Story12: Test Cases/JiraTests/IN-4 Story12

2023-08-03 15:04:06 - [TEST_STEP][PASSED] - openBrowser(""): Browser is opened with url: ''

2023-08-03 15:04:06 - [MESSAGE][INFO] - Starting 'Chrome' driver

2023-08-03 15:04:06 - [MESSAGE][INFO] - User set preference: ['args', '[--remote-allow-origins=*]']

2023-08-03 15:04:06 - [MESSAGE][INFO] - Action delay is set to 0 milliseconds

2023-08-03 15:04:09 - [MESSAGE][PASSED] - Browser is opened with url: ''

2023-08-03 15:04:09 - [TEST_STEP][PASSED] - maximizeWindow(): Current window maximized

2023-08-03 15:04:09 - [MESSAGE][PASSED] - Current window maximized

2023-08-03 15:04:09 - [TEST_STEP][PASSED] - navigateToUrl("https://petstore.octoperf.com/actions/Catalog.action"): Navigate to 'https://petstore.octoperf.com/actions/Catalog.action' successfully

2023-08-03 15:04:10 - [MESSAGE][PASSED] - Navigate to 'https://petstore.octoperf.com/actions/Catalog.action' successfully

2023-08-03 15:04:10 - [TEST_STEP][PASSED] - click(findTestObject("Object Repository/Page_JPetStore Demo/area")): Object: 'Object Repository/Page_JPetStore Demo/area' is clicked on

2023-08-03 15:04:11 - [MESSAGE][PASSED] - Object: 'Object Repository/Page_JPetStore Demo/area' is clicked on

2023-08-03 15:04:11 - [TEST_STEP][PASSED] - click(findTestObject("Object Repository/Page_JPetStore Demo/a_RP-LI-02")): Object: 'Object Repository/Page_JPetStore Demo/a_RP-LI-02' is clicked on

2023-08-03 15:04:12 - [MESSAGE][INFO] - Unable to find the element located by 'By.xpath: //div[@id='Catalog1']/table/tbody/tr[3]/td/a'. Please recheck the objects properties to make sure the desired element is located. 

2023-08-03 15:04:12 - [MESSAGE][WARNING] - [SELF-HEALING] Failed to find element with id 'Object Repository/Page_JPetStore Demo/a_RP-LI-02'. Try using Self-healing.

2023-08-03 15:04:12 - [MESSAGE][WARNING] - [SELF-HEALING] The current locator of test object 'Object Repository/Page_JPetStore Demo/a_RP-LI-02' was broken. Propose an alternative one: '//div[@id='Catalog']/table/tbody/tr[3]/td/a'.

2023-08-03 15:04:12 - [MESSAGE][PASSED] - Object: 'Object Repository/Page_JPetStore Demo/a_RP-LI-02' is clicked on

2023-08-03 15:04:12 - [TEST_STEP][PASSED] - click(findTestObject("Object Repository/Page_JPetStore Demo/a_Add to Cart")): Object: 'Object Repository/Page_JPetStore Demo/a_Add to Cart' is clicked on

2023-08-03 15:04:13 - [MESSAGE][PASSED] - Object: 'Object Repository/Page_JPetStore Demo/a_Add to Cart' is clicked on

2023-08-03 15:04:13 - [TEST_STEP][PASSED] - click(findTestObject("Object Repository/Page_JPetStore Demo/a_Proceed to Checkout")): Object: 'Object Repository/Page_JPetStore Demo/a_Proceed to Checkout' is clicked on

2023-08-03 15:04:14 - [MESSAGE][PASSED] - Object: 'Object Repository/Page_JPetStore Demo/a_Proceed to Checkout' is clicked on

2023-08-03 15:04:14 - [TEST_STEP][PASSED] - click(findTestObject("Object Repository/Page_JPetStore Demo/img_Sign In_img_cart")): Object: 'Object Repository/Page_JPetStore Demo/img_Sign In_img_cart' is clicked on

2023-08-03 15:04:14 - [MESSAGE][PASSED] - Object: 'Object Repository/Page_JPetStore Demo/img_Sign In_img_cart' is clicked on

2023-08-03 15:04:14 - [TEST_STEP][PASSED] - click(findTestObject("Object Repository/Page_JPetStore Demo/table_Item IDProduct IDDescriptionIn StockQ_e472a4")): Object: 'Object Repository/Page_JPetStore Demo/table_Item IDProduct IDDescriptionIn StockQ_e472a4' is clicked on

2023-08-03 15:04:15 - [MESSAGE][PASSED] - Object: 'Object Repository/Page_JPetStore Demo/table_Item IDProduct IDDescriptionIn StockQ_e472a4' is clicked on

2023-08-03 15:04:15 - [TEST_STEP][PASSED] - verifyElementText(findTestObject("Object Repository/Page_JPetStore Demo/td_Green Adult   Iguana"), "Green Adult Iguana"): Actual text and expected text of test object 'Object Repository/Page_JPetStore Demo/td_Green Adult   Iguana' are matched.

2023-08-03 15:04:15 - [MESSAGE][PASSED] - Actual text and expected text of test object 'Object Repository/Page_JPetStore Demo/td_Green Adult   Iguana' are matched.

2023-08-03 15:04:15 - [TEST_STEP][PASSED] - click(findTestObject("Object Repository/Page_JPetStore Demo/a_Return to Main Menu")): Object: 'Object Repository/Page_JPetStore Demo/a_Return to Main Menu' is clicked on

2023-08-03 15:04:16 - [MESSAGE][PASSED] - Object: 'Object Repository/Page_JPetStore Demo/a_Return to Main Menu' is clicked on

2023-08-03 15:04:16 - [TEST_STEP][PASSED] - closeBrowser(): Browser is closed

2023-08-03 15:04:16 - [MESSAGE][PASSED] - Browser is closed

2023-08-03 15:04:18 - [TEST_STEP][PASSED] - Video: Video recording for test case 'Test Cases/JiraTests/IN-4 Story12' .

2023-08-03 15:04:18 - [MESSAGE][INFO] - Video recording for test case 'Test Cases/JiraTests/IN-4 Story12' .]]></system-out>
         <system-err><![CDATA[]]></system-err>
      </testcase>
      <testcase name="Test Cases/JiraTests/IN-9 Story23" time="9.289" classname="Test Cases/JiraTests/IN-9 Story23" status="FAILED">
         <failure type="FAILED" message="Test Cases/JiraTests/IN-9 Story23 FAILED.
Reason:
com.kms.katalon.core.exception.StepFailedException: Verify element text of test object 'Object Repository/Page_JPetStore Demo/td_Green Adult   Iguana' FAILED.
	at com.kms.katalon.core.webui.keyword.internal.WebUIKeywordMain.stepFailed(WebUIKeywordMain.groovy:64)
	at com.kms.katalon.core.webui.keyword.internal.WebUIKeywordMain.runKeyword(WebUIKeywordMain.groovy:26)
	at com.kms.katalon.core.webui.keyword.builtin.VerifyElementTextKeyword.verifyElementText(VerifyElementTextKeyword.groovy:72)
	at com.kms.katalon.core.webui.keyword.builtin.VerifyElementTextKeyword.execute(VerifyElementTextKeyword.groovy:40)
	at com.kms.katalon.core.keyword.internal.KeywordExecutor.executeKeywordForPlatform(KeywordExecutor.groovy:74)
	at com.kms.katalon.core.webui.keyword.WebUiBuiltInKeywords.verifyElementText(WebUiBuiltInKeywords.groovy:4749)
	at com.kms.katalon.core.webui.keyword.WebUiBuiltInKeywords$verifyElementText$3.call(Unknown Source)
	at IN-9 Story23.run(IN-9 Story23:38)
	at com.kms.katalon.core.main.ScriptEngine.run(ScriptEngine.java:194)
	at com.kms.katalon.core.main.ScriptEngine.runScriptAsRawText(ScriptEngine.java:119)
	at com.kms.katalon.core.main.TestCaseExecutor.runScript(TestCaseExecutor.java:448)
	at com.kms.katalon.core.main.TestCaseExecutor.doExecute(TestCaseExecutor.java:439)
	at com.kms.katalon.core.main.TestCaseExecutor.processExecutionPhase(TestCaseExecutor.java:418)
	at com.kms.katalon.core.main.TestCaseExecutor.accessMainPhase(TestCaseExecutor.java:410)
	at com.kms.katalon.core.main.TestCaseExecutor.execute(TestCaseExecutor.java:285)
	at com.kms.katalon.core.common.CommonExecutor.accessTestCaseMainPhase(CommonExecutor.java:65)
	at com.kms.katalon.core.main.TestSuiteExecutor.accessTestSuiteMainPhase(TestSuiteExecutor.java:148)
	at com.kms.katalon.core.main.TestSuiteExecutor.execute(TestSuiteExecutor.java:106)
	at com.kms.katalon.core.main.TestCaseMain.startTestSuite(TestCaseMain.java:187)
	at com.kms.katalon.core.main.TestCaseMain$startTestSuite$0.call(Unknown Source)
	at TempTestSuite1691055237006.run(TempTestSuite1691055237006.groovy:36)
Caused by: com.kms.katalon.core.exception.StepFailedException: Actual text 'Green Adult Iguana' and expected text 'Green Adult Iguan' of test object 'Object Repository/Page_JPetStore Demo/td_Green Adult   Iguana' are NOT matched.
	at com.kms.katalon.core.webui.keyword.internal.WebUIKeywordMain.stepFailed(WebUIKeywordMain.groovy:64)
	at com.kms.katalon.core.webui.keyword.builtin.VerifyElementTextKeyword$_verifyElementText_closure1.doCall(VerifyElementTextKeyword.groovy:57)
	at com.kms.katalon.core.webui.keyword.builtin.VerifyElementTextKeyword$_verifyElementText_closure1.call(VerifyElementTextKeyword.groovy)
	at com.kms.katalon.core.webui.keyword.internal.WebUIKeywordMain.runKeyword(WebUIKeywordMain.groovy:20)
	... 19 more
"/>
         <system-out><![CDATA[2023-08-03 15:04:18 - [TEST_CASE][FAILED] - Test Cases/JiraTests/IN-9 Story23: Test Cases/JiraTests/IN-9 Story23 FAILED.
Reason:
com.kms.katalon.core.exception.StepFailedException: Verify element text of test object 'Object Repository/Page_JPetStore Demo/td_Green Adult   Iguana' FAILED.
	at com.kms.katalon.core.webui.keyword.internal.WebUIKeywordMain.stepFailed(WebUIKeywordMain.groovy:64)
	at com.kms.katalon.core.webui.keyword.internal.WebUIKeywordMain.runKeyword(WebUIKeywordMain.groovy:26)
	at com.kms.katalon.core.webui.keyword.builtin.VerifyElementTextKeyword.verifyElementText(VerifyElementTextKeyword.groovy:72)
	at com.kms.katalon.core.webui.keyword.builtin.VerifyElementTextKeyword.execute(VerifyElementTextKeyword.groovy:40)
	at com.kms.katalon.core.keyword.internal.KeywordExecutor.executeKeywordForPlatform(KeywordExecutor.groovy:74)
	at com.kms.katalon.core.webui.keyword.WebUiBuiltInKeywords.verifyElementText(WebUiBuiltInKeywords.groovy:4749)
	at com.kms.katalon.core.webui.keyword.WebUiBuiltInKeywords$verifyElementText$3.call(Unknown Source)
	at IN-9 Story23.run(IN-9 Story23:38)
	at com.kms.katalon.core.main.ScriptEngine.run(ScriptEngine.java:194)
	at com.kms.katalon.core.main.ScriptEngine.runScriptAsRawText(ScriptEngine.java:119)
	at com.kms.katalon.core.main.TestCaseExecutor.runScript(TestCaseExecutor.java:448)
	at com.kms.katalon.core.main.TestCaseExecutor.doExecute(TestCaseExecutor.java:439)
	at com.kms.katalon.core.main.TestCaseExecutor.processExecutionPhase(TestCaseExecutor.java:418)
	at com.kms.katalon.core.main.TestCaseExecutor.accessMainPhase(TestCaseExecutor.java:410)
	at com.kms.katalon.core.main.TestCaseExecutor.execute(TestCaseExecutor.java:285)
	at com.kms.katalon.core.common.CommonExecutor.accessTestCaseMainPhase(CommonExecutor.java:65)
	at com.kms.katalon.core.main.TestSuiteExecutor.accessTestSuiteMainPhase(TestSuiteExecutor.java:148)
	at com.kms.katalon.core.main.TestSuiteExecutor.execute(TestSuiteExecutor.java:106)
	at com.kms.katalon.core.main.TestCaseMain.startTestSuite(TestCaseMain.java:187)
	at com.kms.katalon.core.main.TestCaseMain$startTestSuite$0.call(Unknown Source)
	at TempTestSuite1691055237006.run(TempTestSuite1691055237006.groovy:36)
Caused by: com.kms.katalon.core.exception.StepFailedException: Actual text 'Green Adult Iguana' and expected text 'Green Adult Iguan' of test object 'Object Repository/Page_JPetStore Demo/td_Green Adult   Iguana' are NOT matched.
	at com.kms.katalon.core.webui.keyword.internal.WebUIKeywordMain.stepFailed(WebUIKeywordMain.groovy:64)
	at com.kms.katalon.core.webui.keyword.builtin.VerifyElementTextKeyword$_verifyElementText_closure1.doCall(VerifyElementTextKeyword.groovy:57)
	at com.kms.katalon.core.webui.keyword.builtin.VerifyElementTextKeyword$_verifyElementText_closure1.call(VerifyElementTextKeyword.groovy)
	at com.kms.katalon.core.webui.keyword.internal.WebUIKeywordMain.runKeyword(WebUIKeywordMain.groovy:20)
	... 19 more


2023-08-03 15:04:18 - [TEST_STEP][PASSED] - openBrowser(""): Browser is opened with url: ''

2023-08-03 15:04:18 - [MESSAGE][INFO] - Starting 'Chrome' driver

2023-08-03 15:04:18 - [MESSAGE][INFO] - User set preference: ['args', '[--remote-allow-origins=*]']

2023-08-03 15:04:18 - [MESSAGE][INFO] - Action delay is set to 0 milliseconds

2023-08-03 15:04:19 - [MESSAGE][PASSED] - Browser is opened with url: ''

2023-08-03 15:04:19 - [TEST_STEP][PASSED] - maximizeWindow(): Current window maximized

2023-08-03 15:04:19 - [MESSAGE][PASSED] - Current window maximized

2023-08-03 15:04:19 - [TEST_STEP][PASSED] - navigateToUrl("https://petstore.octoperf.com/actions/Catalog.action"): Navigate to 'https://petstore.octoperf.com/actions/Catalog.action' successfully

2023-08-03 15:04:20 - [MESSAGE][PASSED] - Navigate to 'https://petstore.octoperf.com/actions/Catalog.action' successfully

2023-08-03 15:04:20 - [TEST_STEP][PASSED] - click(findTestObject("Object Repository/Page_JPetStore Demo/area")): Object: 'Object Repository/Page_JPetStore Demo/area' is clicked on

2023-08-03 15:04:21 - [MESSAGE][PASSED] - Object: 'Object Repository/Page_JPetStore Demo/area' is clicked on

2023-08-03 15:04:21 - [TEST_STEP][PASSED] - click(findTestObject("Object Repository/Page_JPetStore Demo/a_RP-LI-02")): Object: 'Object Repository/Page_JPetStore Demo/a_RP-LI-02' is clicked on

2023-08-03 15:04:22 - [MESSAGE][INFO] - Unable to find the element located by 'By.xpath: //div[@id='Catalog1']/table/tbody/tr[3]/td/a'. Please recheck the objects properties to make sure the desired element is located. 

2023-08-03 15:04:22 - [MESSAGE][WARNING] - [SELF-HEALING] Failed to find element with id 'Object Repository/Page_JPetStore Demo/a_RP-LI-02'. Try using Self-healing.

2023-08-03 15:04:22 - [MESSAGE][WARNING] - [SELF-HEALING] The current locator of test object 'Object Repository/Page_JPetStore Demo/a_RP-LI-02' was broken. Propose an alternative one: '//div[@id='Catalog']/table/tbody/tr[3]/td/a'.

2023-08-03 15:04:23 - [MESSAGE][PASSED] - Object: 'Object Repository/Page_JPetStore Demo/a_RP-LI-02' is clicked on

2023-08-03 15:04:23 - [TEST_STEP][PASSED] - click(findTestObject("Object Repository/Page_JPetStore Demo/a_Add to Cart")): Object: 'Object Repository/Page_JPetStore Demo/a_Add to Cart' is clicked on

2023-08-03 15:04:23 - [MESSAGE][PASSED] - Object: 'Object Repository/Page_JPetStore Demo/a_Add to Cart' is clicked on

2023-08-03 15:04:23 - [TEST_STEP][PASSED] - click(findTestObject("Object Repository/Page_JPetStore Demo/a_Proceed to Checkout")): Object: 'Object Repository/Page_JPetStore Demo/a_Proceed to Checkout' is clicked on

2023-08-03 15:04:24 - [MESSAGE][PASSED] - Object: 'Object Repository/Page_JPetStore Demo/a_Proceed to Checkout' is clicked on

2023-08-03 15:04:24 - [TEST_STEP][PASSED] - click(findTestObject("Object Repository/Page_JPetStore Demo/img_Sign In_img_cart")): Object: 'Object Repository/Page_JPetStore Demo/img_Sign In_img_cart' is clicked on

2023-08-03 15:04:24 - [MESSAGE][PASSED] - Object: 'Object Repository/Page_JPetStore Demo/img_Sign In_img_cart' is clicked on

2023-08-03 15:04:24 - [TEST_STEP][PASSED] - click(findTestObject("Object Repository/Page_JPetStore Demo/table_Item IDProduct IDDescriptionIn StockQ_e472a4")): Object: 'Object Repository/Page_JPetStore Demo/table_Item IDProduct IDDescriptionIn StockQ_e472a4' is clicked on

2023-08-03 15:04:25 - [MESSAGE][PASSED] - Object: 'Object Repository/Page_JPetStore Demo/table_Item IDProduct IDDescriptionIn StockQ_e472a4' is clicked on

2023-08-03 15:04:25 - [TEST_STEP][FAILED] - verifyElementText(findTestObject("Object Repository/Page_JPetStore Demo/td_Green Adult   Iguana"), "Green Adult Iguan"): Verify element text of test object 'Object Repository/Page_JPetStore Demo/td_Green Adult   Iguana' FAILED. (Root cause: com.kms.katalon.core.exception.StepFailedException: Verify element text of test object 'Object Repository/Page_JPetStore Demo/td_Green Adult   Iguana' FAILED.
	at com.kms.katalon.core.webui.keyword.internal.WebUIKeywordMain.stepFailed(WebUIKeywordMain.groovy:64)
	at com.kms.katalon.core.webui.keyword.internal.WebUIKeywordMain.runKeyword(WebUIKeywordMain.groovy:26)
	at com.kms.katalon.core.webui.keyword.builtin.VerifyElementTextKeyword.verifyElementText(VerifyElementTextKeyword.groovy:72)
	at com.kms.katalon.core.webui.keyword.builtin.VerifyElementTextKeyword.execute(VerifyElementTextKeyword.groovy:40)
	at com.kms.katalon.core.keyword.internal.KeywordExecutor.executeKeywordForPlatform(KeywordExecutor.groovy:74)
	at com.kms.katalon.core.webui.keyword.WebUiBuiltInKeywords.verifyElementText(WebUiBuiltInKeywords.groovy:4749)
	at com.kms.katalon.core.webui.keyword.WebUiBuiltInKeywords$verifyElementText$3.call(Unknown Source)
	at IN-9 Story23.run(IN-9 Story23:38)
	at com.kms.katalon.core.main.ScriptEngine.run(ScriptEngine.java:194)
	at com.kms.katalon.core.main.ScriptEngine.runScriptAsRawText(ScriptEngine.java:119)
	at com.kms.katalon.core.main.TestCaseExecutor.runScript(TestCaseExecutor.java:448)
	at com.kms.katalon.core.main.TestCaseExecutor.doExecute(TestCaseExecutor.java:439)
	at com.kms.katalon.core.main.TestCaseExecutor.processExecutionPhase(TestCaseExecutor.java:418)
	at com.kms.katalon.core.main.TestCaseExecutor.accessMainPhase(TestCaseExecutor.java:410)
	at com.kms.katalon.core.main.TestCaseExecutor.execute(TestCaseExecutor.java:285)
	at com.kms.katalon.core.common.CommonExecutor.accessTestCaseMainPhase(CommonExecutor.java:65)
	at com.kms.katalon.core.main.TestSuiteExecutor.accessTestSuiteMainPhase(TestSuiteExecutor.java:148)
	at com.kms.katalon.core.main.TestSuiteExecutor.execute(TestSuiteExecutor.java:106)
	at com.kms.katalon.core.main.TestCaseMain.startTestSuite(TestCaseMain.java:187)
	at com.kms.katalon.core.main.TestCaseMain$startTestSuite$0.call(Unknown Source)
	at TempTestSuite1691055237006.run(TempTestSuite1691055237006.groovy:36)
Caused by: com.kms.katalon.core.exception.StepFailedException: Actual text 'Green Adult Iguana' and expected text 'Green Adult Iguan' of test object 'Object Repository/Page_JPetStore Demo/td_Green Adult   Iguana' are NOT matched.
	at com.kms.katalon.core.webui.keyword.internal.WebUIKeywordMain.stepFailed(WebUIKeywordMain.groovy:64)
	at com.kms.katalon.core.webui.keyword.builtin.VerifyElementTextKeyword$_verifyElementText_closure1.doCall(VerifyElementTextKeyword.groovy:57)
	at com.kms.katalon.core.webui.keyword.builtin.VerifyElementTextKeyword$_verifyElementText_closure1.call(VerifyElementTextKeyword.groovy)
	at com.kms.katalon.core.webui.keyword.internal.WebUIKeywordMain.runKeyword(WebUIKeywordMain.groovy:20)
	... 19 more
)

2023-08-03 15:04:25 - [MESSAGE][FAILED] - Actual text 'Green Adult Iguana' and expected text 'Green Adult Iguan' of test object 'Object Repository/Page_JPetStore Demo/td_Green Adult   Iguana' are NOT matched. (Root cause: com.kms.katalon.core.exception.StepFailedException: Actual text 'Green Adult Iguana' and expected text 'Green Adult Iguan' of test object 'Object Repository/Page_JPetStore Demo/td_Green Adult   Iguana' are NOT matched.
	at com.kms.katalon.core.webui.keyword.internal.WebUIKeywordMain.stepFailed(WebUIKeywordMain.groovy:64)
	at com.kms.katalon.core.webui.keyword.builtin.VerifyElementTextKeyword$_verifyElementText_closure1.doCall(VerifyElementTextKeyword.groovy:57)
	at com.kms.katalon.core.webui.keyword.builtin.VerifyElementTextKeyword$_verifyElementText_closure1.call(VerifyElementTextKeyword.groovy)
	at com.kms.katalon.core.webui.keyword.internal.WebUIKeywordMain.runKeyword(WebUIKeywordMain.groovy:20)
	at com.kms.katalon.core.webui.keyword.builtin.VerifyElementTextKeyword.verifyElementText(VerifyElementTextKeyword.groovy:72)
	at com.kms.katalon.core.webui.keyword.builtin.VerifyElementTextKeyword.execute(VerifyElementTextKeyword.groovy:40)
	at com.kms.katalon.core.keyword.internal.KeywordExecutor.executeKeywordForPlatform(KeywordExecutor.groovy:74)
	at com.kms.katalon.core.webui.keyword.WebUiBuiltInKeywords.verifyElementText(WebUiBuiltInKeywords.groovy:4749)
	at com.kms.katalon.core.webui.keyword.WebUiBuiltInKeywords$verifyElementText$3.call(Unknown Source)
	at IN-9 Story23.run(IN-9 Story23:38)
	at com.kms.katalon.core.main.ScriptEngine.run(ScriptEngine.java:194)
	at com.kms.katalon.core.main.ScriptEngine.runScriptAsRawText(ScriptEngine.java:119)
	at com.kms.katalon.core.main.TestCaseExecutor.runScript(TestCaseExecutor.java:448)
	at com.kms.katalon.core.main.TestCaseExecutor.doExecute(TestCaseExecutor.java:439)
	at com.kms.katalon.core.main.TestCaseExecutor.processExecutionPhase(TestCaseExecutor.java:418)
	at com.kms.katalon.core.main.TestCaseExecutor.accessMainPhase(TestCaseExecutor.java:410)
	at com.kms.katalon.core.main.TestCaseExecutor.execute(TestCaseExecutor.java:285)
	at com.kms.katalon.core.common.CommonExecutor.accessTestCaseMainPhase(CommonExecutor.java:65)
	at com.kms.katalon.core.main.TestSuiteExecutor.accessTestSuiteMainPhase(TestSuiteExecutor.java:148)
	at com.kms.katalon.core.main.TestSuiteExecutor.execute(TestSuiteExecutor.java:106)
	at com.kms.katalon.core.main.TestCaseMain.startTestSuite(TestCaseMain.java:187)
	at com.kms.katalon.core.main.TestCaseMain$startTestSuite$0.call(Unknown Source)
	at TempTestSuite1691055237006.run(TempTestSuite1691055237006.groovy:36)
)
[[ATTACHMENT|C:\\Users\\pravi\\Katalon Studio\\KatalonWeb\\Reports\\20230803_150356\\JiraTestSuite\\20230803_150357\\1691055265439.png]]

2023-08-03 15:04:25 - [MESSAGE][FAILED] - Verify element text of test object 'Object Repository/Page_JPetStore Demo/td_Green Adult   Iguana' FAILED. (Root cause: com.kms.katalon.core.exception.StepFailedException: Verify element text of test object 'Object Repository/Page_JPetStore Demo/td_Green Adult   Iguana' FAILED.
	at com.kms.katalon.core.webui.keyword.internal.WebUIKeywordMain.stepFailed(WebUIKeywordMain.groovy:64)
	at com.kms.katalon.core.webui.keyword.internal.WebUIKeywordMain.runKeyword(WebUIKeywordMain.groovy:26)
	at com.kms.katalon.core.webui.keyword.builtin.VerifyElementTextKeyword.verifyElementText(VerifyElementTextKeyword.groovy:72)
	at com.kms.katalon.core.webui.keyword.builtin.VerifyElementTextKeyword.execute(VerifyElementTextKeyword.groovy:40)
	at com.kms.katalon.core.keyword.internal.KeywordExecutor.executeKeywordForPlatform(KeywordExecutor.groovy:74)
	at com.kms.katalon.core.webui.keyword.WebUiBuiltInKeywords.verifyElementText(WebUiBuiltInKeywords.groovy:4749)
	at com.kms.katalon.core.webui.keyword.WebUiBuiltInKeywords$verifyElementText$3.call(Unknown Source)
	at IN-9 Story23.run(IN-9 Story23:38)
	at com.kms.katalon.core.main.ScriptEngine.run(ScriptEngine.java:194)
	at com.kms.katalon.core.main.ScriptEngine.runScriptAsRawText(ScriptEngine.java:119)
	at com.kms.katalon.core.main.TestCaseExecutor.runScript(TestCaseExecutor.java:448)
	at com.kms.katalon.core.main.TestCaseExecutor.doExecute(TestCaseExecutor.java:439)
	at com.kms.katalon.core.main.TestCaseExecutor.processExecutionPhase(TestCaseExecutor.java:418)
	at com.kms.katalon.core.main.TestCaseExecutor.accessMainPhase(TestCaseExecutor.java:410)
	at com.kms.katalon.core.main.TestCaseExecutor.execute(TestCaseExecutor.java:285)
	at com.kms.katalon.core.common.CommonExecutor.accessTestCaseMainPhase(CommonExecutor.java:65)
	at com.kms.katalon.core.main.TestSuiteExecutor.accessTestSuiteMainPhase(TestSuiteExecutor.java:148)
	at com.kms.katalon.core.main.TestSuiteExecutor.execute(TestSuiteExecutor.java:106)
	at com.kms.katalon.core.main.TestCaseMain.startTestSuite(TestCaseMain.java:187)
	at com.kms.katalon.core.main.TestCaseMain$startTestSuite$0.call(Unknown Source)
	at TempTestSuite1691055237006.run(TempTestSuite1691055237006.groovy:36)
Caused by: com.kms.katalon.core.exception.StepFailedException: Actual text 'Green Adult Iguana' and expected text 'Green Adult Iguan' of test object 'Object Repository/Page_JPetStore Demo/td_Green Adult   Iguana' are NOT matched.
	at com.kms.katalon.core.webui.keyword.internal.WebUIKeywordMain.stepFailed(WebUIKeywordMain.groovy:64)
	at com.kms.katalon.core.webui.keyword.builtin.VerifyElementTextKeyword$_verifyElementText_closure1.doCall(VerifyElementTextKeyword.groovy:57)
	at com.kms.katalon.core.webui.keyword.builtin.VerifyElementTextKeyword$_verifyElementText_closure1.call(VerifyElementTextKeyword.groovy)
	at com.kms.katalon.core.webui.keyword.internal.WebUIKeywordMain.runKeyword(WebUIKeywordMain.groovy:20)
	... 19 more
)
[[ATTACHMENT|C:\\Users\\pravi\\Katalon Studio\\KatalonWeb\\Reports\\20230803_150356\\JiraTestSuite\\20230803_150357\\1691055265581.png]]

2023-08-03 15:04:27 - [TEST_STEP][PASSED] - Video: Video recording for test case 'Test Cases/JiraTests/IN-9 Story23' .

2023-08-03 15:04:27 - [MESSAGE][INFO] - Video recording for test case 'Test Cases/JiraTests/IN-9 Story23' .]]></system-out>
         <system-err><![CDATA[2023-08-03 15:04:18 - [TEST_CASE][FAILED] - Test Cases/JiraTests/IN-9 Story23: Test Cases/JiraTests/IN-9 Story23 FAILED.
Reason:
com.kms.katalon.core.exception.StepFailedException: Verify element text of test object 'Object Repository/Page_JPetStore Demo/td_Green Adult   Iguana' FAILED.
	at com.kms.katalon.core.webui.keyword.internal.WebUIKeywordMain.stepFailed(WebUIKeywordMain.groovy:64)
	at com.kms.katalon.core.webui.keyword.internal.WebUIKeywordMain.runKeyword(WebUIKeywordMain.groovy:26)
	at com.kms.katalon.core.webui.keyword.builtin.VerifyElementTextKeyword.verifyElementText(VerifyElementTextKeyword.groovy:72)
	at com.kms.katalon.core.webui.keyword.builtin.VerifyElementTextKeyword.execute(VerifyElementTextKeyword.groovy:40)
	at com.kms.katalon.core.keyword.internal.KeywordExecutor.executeKeywordForPlatform(KeywordExecutor.groovy:74)
	at com.kms.katalon.core.webui.keyword.WebUiBuiltInKeywords.verifyElementText(WebUiBuiltInKeywords.groovy:4749)
	at com.kms.katalon.core.webui.keyword.WebUiBuiltInKeywords$verifyElementText$3.call(Unknown Source)
	at IN-9 Story23.run(IN-9 Story23:38)
	at com.kms.katalon.core.main.ScriptEngine.run(ScriptEngine.java:194)
	at com.kms.katalon.core.main.ScriptEngine.runScriptAsRawText(ScriptEngine.java:119)
	at com.kms.katalon.core.main.TestCaseExecutor.runScript(TestCaseExecutor.java:448)
	at com.kms.katalon.core.main.TestCaseExecutor.doExecute(TestCaseExecutor.java:439)
	at com.kms.katalon.core.main.TestCaseExecutor.processExecutionPhase(TestCaseExecutor.java:418)
	at com.kms.katalon.core.main.TestCaseExecutor.accessMainPhase(TestCaseExecutor.java:410)
	at com.kms.katalon.core.main.TestCaseExecutor.execute(TestCaseExecutor.java:285)
	at com.kms.katalon.core.common.CommonExecutor.accessTestCaseMainPhase(CommonExecutor.java:65)
	at com.kms.katalon.core.main.TestSuiteExecutor.accessTestSuiteMainPhase(TestSuiteExecutor.java:148)
	at com.kms.katalon.core.main.TestSuiteExecutor.execute(TestSuiteExecutor.java:106)
	at com.kms.katalon.core.main.TestCaseMain.startTestSuite(TestCaseMain.java:187)
	at com.kms.katalon.core.main.TestCaseMain$startTestSuite$0.call(Unknown Source)
	at TempTestSuite1691055237006.run(TempTestSuite1691055237006.groovy:36)
Caused by: com.kms.katalon.core.exception.StepFailedException: Actual text 'Green Adult Iguana' and expected text 'Green Adult Iguan' of test object 'Object Repository/Page_JPetStore Demo/td_Green Adult   Iguana' are NOT matched.
	at com.kms.katalon.core.webui.keyword.internal.WebUIKeywordMain.stepFailed(WebUIKeywordMain.groovy:64)
	at com.kms.katalon.core.webui.keyword.builtin.VerifyElementTextKeyword$_verifyElementText_closure1.doCall(VerifyElementTextKeyword.groovy:57)
	at com.kms.katalon.core.webui.keyword.builtin.VerifyElementTextKeyword$_verifyElementText_closure1.call(VerifyElementTextKeyword.groovy)
	at com.kms.katalon.core.webui.keyword.internal.WebUIKeywordMain.runKeyword(WebUIKeywordMain.groovy:20)
	... 19 more]]></system-err>
      </testcase>
      <system-out><![CDATA[2023-08-03 15:04:05 - [TEST_SUITE][FAILED] - JiraTestSuite: Test Cases/JiraTests/IN-9 Story23 FAILED.
Reason:
com.kms.katalon.core.exception.StepFailedException: Verify element text of test object 'Object Repository/Page_JPetStore Demo/td_Green Adult   Iguana' FAILED.
	at com.kms.katalon.core.webui.keyword.internal.WebUIKeywordMain.stepFailed(WebUIKeywordMain.groovy:64)
	at com.kms.katalon.core.webui.keyword.internal.WebUIKeywordMain.runKeyword(WebUIKeywordMain.groovy:26)
	at com.kms.katalon.core.webui.keyword.builtin.VerifyElementTextKeyword.verifyElementText(VerifyElementTextKeyword.groovy:72)
	at com.kms.katalon.core.webui.keyword.builtin.VerifyElementTextKeyword.execute(VerifyElementTextKeyword.groovy:40)
	at com.kms.katalon.core.keyword.internal.KeywordExecutor.executeKeywordForPlatform(KeywordExecutor.groovy:74)
	at com.kms.katalon.core.webui.keyword.WebUiBuiltInKeywords.verifyElementText(WebUiBuiltInKeywords.groovy:4749)
	at com.kms.katalon.core.webui.keyword.WebUiBuiltInKeywords$verifyElementText$3.call(Unknown Source)
	at IN-9 Story23.run(IN-9 Story23:38)
	at com.kms.katalon.core.main.ScriptEngine.run(ScriptEngine.java:194)
	at com.kms.katalon.core.main.ScriptEngine.runScriptAsRawText(ScriptEngine.java:119)
	at com.kms.katalon.core.main.TestCaseExecutor.runScript(TestCaseExecutor.java:448)
	at com.kms.katalon.core.main.TestCaseExecutor.doExecute(TestCaseExecutor.java:439)
	at com.kms.katalon.core.main.TestCaseExecutor.processExecutionPhase(TestCaseExecutor.java:418)
	at com.kms.katalon.core.main.TestCaseExecutor.accessMainPhase(TestCaseExecutor.java:410)
	at com.kms.katalon.core.main.TestCaseExecutor.execute(TestCaseExecutor.java:285)
	at com.kms.katalon.core.common.CommonExecutor.accessTestCaseMainPhase(CommonExecutor.java:65)
	at com.kms.katalon.core.main.TestSuiteExecutor.accessTestSuiteMainPhase(TestSuiteExecutor.java:148)
	at com.kms.katalon.core.main.TestSuiteExecutor.execute(TestSuiteExecutor.java:106)
	at com.kms.katalon.core.main.TestCaseMain.startTestSuite(TestCaseMain.java:187)
	at com.kms.katalon.core.main.TestCaseMain$startTestSuite$0.call(Unknown Source)
	at TempTestSuite1691055237006.run(TempTestSuite1691055237006.groovy:36)
Caused by: com.kms.katalon.core.exception.StepFailedException: Actual text 'Green Adult Iguana' and expected text 'Green Adult Iguan' of test object 'Object Repository/Page_JPetStore Demo/td_Green Adult   Iguana' are NOT matched.
	at com.kms.katalon.core.webui.keyword.internal.WebUIKeywordMain.stepFailed(WebUIKeywordMain.groovy:64)
	at com.kms.katalon.core.webui.keyword.builtin.VerifyElementTextKeyword$_verifyElementText_closure1.doCall(VerifyElementTextKeyword.groovy:57)
	at com.kms.katalon.core.webui.keyword.builtin.VerifyElementTextKeyword$_verifyElementText_closure1.call(VerifyElementTextKeyword.groovy)
	at com.kms.katalon.core.webui.keyword.internal.WebUIKeywordMain.runKeyword(WebUIKeywordMain.groovy:20)
	... 19 more]]></system-out>
      <system-err><![CDATA[2023-08-03 15:04:05 - [TEST_SUITE][FAILED] - JiraTestSuite: Test Cases/JiraTests/IN-9 Story23 FAILED.
Reason:
com.kms.katalon.core.exception.StepFailedException: Verify element text of test object 'Object Repository/Page_JPetStore Demo/td_Green Adult   Iguana' FAILED.
	at com.kms.katalon.core.webui.keyword.internal.WebUIKeywordMain.stepFailed(WebUIKeywordMain.groovy:64)
	at com.kms.katalon.core.webui.keyword.internal.WebUIKeywordMain.runKeyword(WebUIKeywordMain.groovy:26)
	at com.kms.katalon.core.webui.keyword.builtin.VerifyElementTextKeyword.verifyElementText(VerifyElementTextKeyword.groovy:72)
	at com.kms.katalon.core.webui.keyword.builtin.VerifyElementTextKeyword.execute(VerifyElementTextKeyword.groovy:40)
	at com.kms.katalon.core.keyword.internal.KeywordExecutor.executeKeywordForPlatform(KeywordExecutor.groovy:74)
	at com.kms.katalon.core.webui.keyword.WebUiBuiltInKeywords.verifyElementText(WebUiBuiltInKeywords.groovy:4749)
	at com.kms.katalon.core.webui.keyword.WebUiBuiltInKeywords$verifyElementText$3.call(Unknown Source)
	at IN-9 Story23.run(IN-9 Story23:38)
	at com.kms.katalon.core.main.ScriptEngine.run(ScriptEngine.java:194)
	at com.kms.katalon.core.main.ScriptEngine.runScriptAsRawText(ScriptEngine.java:119)
	at com.kms.katalon.core.main.TestCaseExecutor.runScript(TestCaseExecutor.java:448)
	at com.kms.katalon.core.main.TestCaseExecutor.doExecute(TestCaseExecutor.java:439)
	at com.kms.katalon.core.main.TestCaseExecutor.processExecutionPhase(TestCaseExecutor.java:418)
	at com.kms.katalon.core.main.TestCaseExecutor.accessMainPhase(TestCaseExecutor.java:410)
	at com.kms.katalon.core.main.TestCaseExecutor.execute(TestCaseExecutor.java:285)
	at com.kms.katalon.core.common.CommonExecutor.accessTestCaseMainPhase(CommonExecutor.java:65)
	at com.kms.katalon.core.main.TestSuiteExecutor.accessTestSuiteMainPhase(TestSuiteExecutor.java:148)
	at com.kms.katalon.core.main.TestSuiteExecutor.execute(TestSuiteExecutor.java:106)
	at com.kms.katalon.core.main.TestCaseMain.startTestSuite(TestCaseMain.java:187)
	at com.kms.katalon.core.main.TestCaseMain$startTestSuite$0.call(Unknown Source)
	at TempTestSuite1691055237006.run(TempTestSuite1691055237006.groovy:36)
Caused by: com.kms.katalon.core.exception.StepFailedException: Actual text 'Green Adult Iguana' and expected text 'Green Adult Iguan' of test object 'Object Repository/Page_JPetStore Demo/td_Green Adult   Iguana' are NOT matched.
	at com.kms.katalon.core.webui.keyword.internal.WebUIKeywordMain.stepFailed(WebUIKeywordMain.groovy:64)
	at com.kms.katalon.core.webui.keyword.builtin.VerifyElementTextKeyword$_verifyElementText_closure1.doCall(VerifyElementTextKeyword.groovy:57)
	at com.kms.katalon.core.webui.keyword.builtin.VerifyElementTextKeyword$_verifyElementText_closure1.call(VerifyElementTextKeyword.groovy)
	at com.kms.katalon.core.webui.keyword.internal.WebUIKeywordMain.runKeyword(WebUIKeywordMain.groovy:20)
	... 19 more]]></system-err>
   </testsuite>
</testsuites>
